2026-02-19 19:45:03,313:WARNING:
'cuml' is a soft dependency and not included in the pycaret installation. Please run: `pip install cuml` to install.
2026-02-19 19:45:03,313:WARNING:
'cuml' is a soft dependency and not included in the pycaret installation. Please run: `pip install cuml` to install.
2026-02-19 19:45:03,313:WARNING:
'cuml' is a soft dependency and not included in the pycaret installation. Please run: `pip install cuml` to install.
2026-02-19 19:45:03,313:WARNING:
'cuml' is a soft dependency and not included in the pycaret installation. Please run: `pip install cuml` to install.
2026-02-19 19:45:37,053:INFO:PyCaret ClassificationExperiment
2026-02-19 19:45:37,053:INFO:Logging name: clf-default-name
2026-02-19 19:45:37,053:INFO:ML Usecase: MLUsecase.CLASSIFICATION
2026-02-19 19:45:37,053:INFO:version 3.3.2
2026-02-19 19:45:37,053:INFO:Initializing setup()
2026-02-19 19:45:37,053:INFO:self.USI: 2984
2026-02-19 19:45:37,053:INFO:self._variable_keys: {'fix_imbalance', 'X', 'gpu_param', 'exp_id', 'logging_param', '_ml_usecase', 'pipeline', 'idx', 'y_train', 'fold_shuffle_param', 'target_param', 'X_test', 'seed', 'fold_groups_param', 'html_param', 'log_plots_param', 'USI', 'fold_generator', 'is_multiclass', 'y', 'data', '_available_plots', 'y_test', 'n_jobs_param', 'memory', 'exp_name_log', 'X_train', 'gpu_n_jobs_param'}
2026-02-19 19:45:37,057:INFO:Checking environment
2026-02-19 19:45:37,057:INFO:python_version: 3.10.19
2026-02-19 19:45:37,057:INFO:python_build: ('main', 'Oct 21 2025 16:41:31')
2026-02-19 19:45:37,057:INFO:machine: AMD64
2026-02-19 19:45:37,086:INFO:platform: Windows-10-10.0.22621-SP0
2026-02-19 19:45:37,088:INFO:Memory: svmem(total=17055203328, available=6304645120, percent=63.0, used=10750558208, free=6304645120)
2026-02-19 19:45:37,088:INFO:Physical Core: 2
2026-02-19 19:45:37,088:INFO:Logical Core: 4
2026-02-19 19:45:37,088:INFO:Checking libraries
2026-02-19 19:45:37,088:INFO:System:
2026-02-19 19:45:37,088:INFO:    python: 3.10.19 | packaged by Anaconda, Inc. | (main, Oct 21 2025, 16:41:31) [MSC v.1929 64 bit (AMD64)]
2026-02-19 19:45:37,088:INFO:executable: C:\Users\USER\anaconda3\envs\pycaret_env\python.exe
2026-02-19 19:45:37,088:INFO:   machine: Windows-10-10.0.22621-SP0
2026-02-19 19:45:37,088:INFO:PyCaret required dependencies:
2026-02-19 19:45:37,107:WARNING:C:\Users\USER\anaconda3\envs\pycaret_env\lib\site-packages\_distutils_hack\__init__.py:30: UserWarning: Setuptools is replacing distutils. Support for replacing an already imported distutils is deprecated. In the future, this condition will fail. Register concerns at https://github.com/pypa/setuptools/issues/new?template=distutils-deprecation.yml
  warnings.warn(

2026-02-19 19:45:37,774:INFO:                 pip: 26.0.1
2026-02-19 19:45:37,774:INFO:          setuptools: 80.10.2
2026-02-19 19:45:37,774:INFO:             pycaret: 3.3.2
2026-02-19 19:45:37,774:INFO:             IPython: 8.38.0
2026-02-19 19:45:37,776:INFO:          ipywidgets: 8.1.8
2026-02-19 19:45:37,776:INFO:                tqdm: 4.67.3
2026-02-19 19:45:37,776:INFO:               numpy: 1.26.4
2026-02-19 19:45:37,776:INFO:              pandas: 2.1.4
2026-02-19 19:45:37,776:INFO:              jinja2: 3.1.6
2026-02-19 19:45:37,776:INFO:               scipy: 1.11.4
2026-02-19 19:45:37,776:INFO:              joblib: 1.3.2
2026-02-19 19:45:37,776:INFO:             sklearn: 1.4.2
2026-02-19 19:45:37,776:INFO:                pyod: 2.0.6
2026-02-19 19:45:37,776:INFO:            imblearn: 0.14.1
2026-02-19 19:45:37,776:INFO:   category_encoders: 2.7.0
2026-02-19 19:45:37,776:INFO:            lightgbm: 4.6.0
2026-02-19 19:45:37,776:INFO:               numba: 0.63.1
2026-02-19 19:45:37,776:INFO:            requests: 2.32.5
2026-02-19 19:45:37,777:INFO:          matplotlib: 3.7.5
2026-02-19 19:45:37,777:INFO:          scikitplot: 0.3.7
2026-02-19 19:45:37,777:INFO:         yellowbrick: 1.5
2026-02-19 19:45:37,777:INFO:              plotly: 6.5.2
2026-02-19 19:45:37,777:INFO:    plotly-resampler: Not installed
2026-02-19 19:45:37,777:INFO:             kaleido: 1.2.0
2026-02-19 19:45:37,777:INFO:           schemdraw: 0.15
2026-02-19 19:45:37,777:INFO:         statsmodels: 0.14.6
2026-02-19 19:45:37,777:INFO:              sktime: 0.26.0
2026-02-19 19:45:37,777:INFO:               tbats: 1.1.3
2026-02-19 19:45:37,777:INFO:            pmdarima: 2.0.4
2026-02-19 19:45:37,777:INFO:              psutil: 7.2.2
2026-02-19 19:45:37,777:INFO:          markupsafe: 3.0.3
2026-02-19 19:45:37,777:INFO:             pickle5: Not installed
2026-02-19 19:45:37,777:INFO:         cloudpickle: 3.1.2
2026-02-19 19:45:37,777:INFO:         deprecation: 2.1.0
2026-02-19 19:45:37,777:INFO:              xxhash: 3.6.0
2026-02-19 19:45:37,777:INFO:           wurlitzer: Not installed
2026-02-19 19:45:37,777:INFO:PyCaret optional dependencies:
2026-02-19 19:45:37,803:INFO:                shap: Not installed
2026-02-19 19:45:37,803:INFO:           interpret: Not installed
2026-02-19 19:45:37,803:INFO:                umap: Not installed
2026-02-19 19:45:37,803:INFO:     ydata_profiling: Not installed
2026-02-19 19:45:37,803:INFO:  explainerdashboard: Not installed
2026-02-19 19:45:37,804:INFO:             autoviz: Not installed
2026-02-19 19:45:37,804:INFO:           fairlearn: Not installed
2026-02-19 19:45:37,804:INFO:          deepchecks: Not installed
2026-02-19 19:45:37,804:INFO:             xgboost: Not installed
2026-02-19 19:45:37,804:INFO:            catboost: Not installed
2026-02-19 19:45:37,804:INFO:              kmodes: Not installed
2026-02-19 19:45:37,804:INFO:             mlxtend: Not installed
2026-02-19 19:45:37,804:INFO:       statsforecast: Not installed
2026-02-19 19:45:37,804:INFO:        tune_sklearn: Not installed
2026-02-19 19:45:37,804:INFO:                 ray: Not installed
2026-02-19 19:45:37,804:INFO:            hyperopt: Not installed
2026-02-19 19:45:37,804:INFO:              optuna: Not installed
2026-02-19 19:45:37,804:INFO:               skopt: Not installed
2026-02-19 19:45:37,804:INFO:              mlflow: Not installed
2026-02-19 19:45:37,804:INFO:              gradio: Not installed
2026-02-19 19:45:37,804:INFO:             fastapi: Not installed
2026-02-19 19:45:37,804:INFO:             uvicorn: Not installed
2026-02-19 19:45:37,804:INFO:              m2cgen: Not installed
2026-02-19 19:45:37,804:INFO:           evidently: Not installed
2026-02-19 19:45:37,804:INFO:               fugue: Not installed
2026-02-19 19:45:37,804:INFO:           streamlit: 1.54.0
2026-02-19 19:45:37,804:INFO:             prophet: Not installed
2026-02-19 19:45:37,804:INFO:None
2026-02-19 19:45:37,804:INFO:Set up data.
2026-02-19 19:45:37,857:INFO:Set up folding strategy.
2026-02-19 19:45:37,857:INFO:Set up train/test split.
2026-02-19 19:45:37,907:INFO:Set up index.
2026-02-19 19:45:37,907:INFO:Assigning column types.
2026-02-19 19:45:37,924:INFO:Engine successfully changes for model 'lr' to 'sklearn'.
2026-02-19 19:45:38,002:INFO:Engine for model 'knn' has not been set explicitly, hence returning None.
2026-02-19 19:45:38,187:INFO:Engine for model 'rbfsvm' has not been set explicitly, hence returning None.
2026-02-19 19:45:38,768:WARNING:
'xgboost' is a soft dependency and not included in the pycaret installation. Please run: `pip install xgboost` to install.
Alternately, you can install this by running `pip install pycaret[models]`
2026-02-19 19:45:38,768:WARNING:
'catboost' is a soft dependency and not included in the pycaret installation. Please run: `pip install catboost` to install.
Alternately, you can install this by running `pip install pycaret[models]`
2026-02-19 19:45:38,838:INFO:Engine for model 'knn' has not been set explicitly, hence returning None.
2026-02-19 19:45:38,838:INFO:Engine for model 'rbfsvm' has not been set explicitly, hence returning None.
2026-02-19 19:45:38,895:WARNING:
'xgboost' is a soft dependency and not included in the pycaret installation. Please run: `pip install xgboost` to install.
Alternately, you can install this by running `pip install pycaret[models]`
2026-02-19 19:45:38,895:WARNING:
'catboost' is a soft dependency and not included in the pycaret installation. Please run: `pip install catboost` to install.
Alternately, you can install this by running `pip install pycaret[models]`
2026-02-19 19:45:38,895:INFO:Engine successfully changes for model 'knn' to 'sklearn'.
2026-02-19 19:45:38,973:INFO:Engine for model 'rbfsvm' has not been set explicitly, hence returning None.
2026-02-19 19:45:39,017:WARNING:
'xgboost' is a soft dependency and not included in the pycaret installation. Please run: `pip install xgboost` to install.
Alternately, you can install this by running `pip install pycaret[models]`
2026-02-19 19:45:39,022:WARNING:
'catboost' is a soft dependency and not included in the pycaret installation. Please run: `pip install catboost` to install.
Alternately, you can install this by running `pip install pycaret[models]`
2026-02-19 19:45:39,095:INFO:Engine for model 'rbfsvm' has not been set explicitly, hence returning None.
2026-02-19 19:45:39,137:WARNING:
'xgboost' is a soft dependency and not included in the pycaret installation. Please run: `pip install xgboost` to install.
Alternately, you can install this by running `pip install pycaret[models]`
2026-02-19 19:45:39,137:WARNING:
'catboost' is a soft dependency and not included in the pycaret installation. Please run: `pip install catboost` to install.
Alternately, you can install this by running `pip install pycaret[models]`
2026-02-19 19:45:39,137:INFO:Engine successfully changes for model 'rbfsvm' to 'sklearn'.
2026-02-19 19:45:39,254:WARNING:
'xgboost' is a soft dependency and not included in the pycaret installation. Please run: `pip install xgboost` to install.
Alternately, you can install this by running `pip install pycaret[models]`
2026-02-19 19:45:39,254:WARNING:
'catboost' is a soft dependency and not included in the pycaret installation. Please run: `pip install catboost` to install.
Alternately, you can install this by running `pip install pycaret[models]`
2026-02-19 19:45:39,376:WARNING:
'xgboost' is a soft dependency and not included in the pycaret installation. Please run: `pip install xgboost` to install.
Alternately, you can install this by running `pip install pycaret[models]`
2026-02-19 19:45:39,377:WARNING:
'catboost' is a soft dependency and not included in the pycaret installation. Please run: `pip install catboost` to install.
Alternately, you can install this by running `pip install pycaret[models]`
2026-02-19 19:45:39,382:INFO:Preparing preprocessing pipeline...
2026-02-19 19:45:39,384:INFO:Set up simple imputation.
2026-02-19 19:45:39,398:INFO:Set up encoding of ordinal features.
2026-02-19 19:45:39,417:INFO:Set up encoding of categorical features.
2026-02-19 19:45:39,417:INFO:Set up imbalanced handling.
2026-02-19 19:45:39,417:INFO:Set up feature normalization.
2026-02-19 19:45:40,999:INFO:Finished creating preprocessing pipeline.
2026-02-19 19:45:41,097:INFO:Pipeline: Pipeline(memory=FastMemory(location=C:\Users\USER\AppData\Local\Temp\joblib),
         steps=[('numerical_imputer',
                 TransformerWrapper(exclude=None,
                                    include=['age', 'distance_from_home_km',
                                             'has_children', 'admission_score',
                                             'secondary_cgpa', 'year_of_study',
                                             'current_cgpa',
                                             'course_load_per_semester',
                                             'attendance_percentage',
                                             'number_of_failed_courses',
                                             'number_of_repe...
                                                              handle_unknown='value',
                                                              return_df=True,
                                                              use_cat_names=True,
                                                              verbose=0))),
                ('balance',
                 TransformerWrapper(exclude=None, include=None,
                                    transformer=FixImbalancer(estimator=SMOTE(k_neighbors=5,
                                                                              random_state=42,
                                                                              sampling_strategy='auto')))),
                ('normalize',
                 TransformerWrapper(exclude=None, include=None,
                                    transformer=StandardScaler(copy=True,
                                                               with_mean=True,
                                                               with_std=True)))],
         verbose=False)
2026-02-19 19:45:41,102:INFO:Creating final display dataframe.
2026-02-19 19:45:42,866:INFO:Setup _display_container:                     Description             Value
0                    Session id                42
1                        Target      will_dropout
2                   Target type            Binary
3           Original data shape        (3000, 42)
4        Transformed data shape       (3054, 100)
5   Transformed train set shape       (2154, 100)
6    Transformed test set shape        (900, 100)
7              Numeric features                24
8          Categorical features                17
9                    Preprocess              True
10              Imputation type            simple
11           Numeric imputation              mean
12       Categorical imputation              mode
13     Maximum one-hot encoding                25
14              Encoding method              None
15                Fix imbalance              True
16         Fix imbalance method             SMOTE
17                    Normalize              True
18             Normalize method            zscore
19               Fold Generator   StratifiedKFold
20                  Fold Number                 5
21                     CPU Jobs                -1
22                      Use GPU             False
23               Log Experiment             False
24              Experiment Name  clf-default-name
25                          USI              2984
2026-02-19 19:45:43,038:WARNING:
'xgboost' is a soft dependency and not included in the pycaret installation. Please run: `pip install xgboost` to install.
Alternately, you can install this by running `pip install pycaret[models]`
2026-02-19 19:45:43,038:WARNING:
'catboost' is a soft dependency and not included in the pycaret installation. Please run: `pip install catboost` to install.
Alternately, you can install this by running `pip install pycaret[models]`
2026-02-19 19:45:43,188:WARNING:
'xgboost' is a soft dependency and not included in the pycaret installation. Please run: `pip install xgboost` to install.
Alternately, you can install this by running `pip install pycaret[models]`
2026-02-19 19:45:43,188:WARNING:
'catboost' is a soft dependency and not included in the pycaret installation. Please run: `pip install catboost` to install.
Alternately, you can install this by running `pip install pycaret[models]`
2026-02-19 19:45:43,188:INFO:setup() successfully completed in 6.14s...............
2026-02-19 19:45:43,194:INFO:Initializing compare_models()
2026-02-19 19:45:43,194:INFO:compare_models(self=<pycaret.classification.oop.ClassificationExperiment object at 0x0000023011597EE0>, include=None, fold=None, round=4, cross_validation=True, sort=Recall, n_select=1, budget_time=None, turbo=True, errors=ignore, fit_kwargs=None, groups=None, experiment_custom_tags=None, probability_threshold=None, verbose=True, parallel=None, caller_params={'self': <pycaret.classification.oop.ClassificationExperiment object at 0x0000023011597EE0>, 'include': None, 'exclude': None, 'fold': None, 'round': 4, 'cross_validation': True, 'sort': 'Recall', 'n_select': 1, 'budget_time': None, 'turbo': True, 'errors': 'ignore', 'fit_kwargs': None, 'groups': None, 'experiment_custom_tags': None, 'probability_threshold': None, 'engine': None, 'verbose': True, 'parallel': None, '__class__': <class 'pycaret.classification.oop.ClassificationExperiment'>}, exclude=None)
2026-02-19 19:45:43,194:INFO:Checking exceptions
2026-02-19 19:45:43,208:INFO:Preparing display monitor
2026-02-19 19:45:43,217:INFO:Initializing Logistic Regression
2026-02-19 19:45:43,217:INFO:Total runtime is 0.0 minutes
2026-02-19 19:45:43,218:INFO:SubProcess create_model() called ==================================
2026-02-19 19:45:43,218:INFO:Initializing create_model()
2026-02-19 19:45:43,218:INFO:create_model(self=<pycaret.classification.oop.ClassificationExperiment object at 0x0000023011597EE0>, estimator=lr, fold=StratifiedKFold(n_splits=5, random_state=None, shuffle=False), round=4, cross_validation=True, predict=True, fit_kwargs={}, groups=None, refit=False, probability_threshold=None, experiment_custom_tags=None, verbose=False, system=False, add_to_model_list=True, metrics=None, display=<pycaret.internal.display.display.CommonDisplay object at 0x00000230296D9120>, model_only=True, return_train_score=False, error_score=0.0, kwargs={})
2026-02-19 19:45:43,218:INFO:Checking exceptions
2026-02-19 19:45:43,218:INFO:Importing libraries
2026-02-19 19:45:43,218:INFO:Copying training dataset
2026-02-19 19:45:43,265:INFO:Defining folds
2026-02-19 19:45:43,265:INFO:Declaring metric variables
2026-02-19 19:45:43,265:INFO:Importing untrained model
2026-02-19 19:45:43,265:INFO:Logistic Regression Imported successfully
2026-02-19 19:45:43,265:INFO:Starting cross validation
2026-02-19 19:45:43,273:INFO:Cross validating with StratifiedKFold(n_splits=5, random_state=None, shuffle=False), n_jobs=-1
2026-02-19 19:45:54,671:WARNING:C:\Users\USER\anaconda3\envs\pycaret_env\lib\site-packages\_distutils_hack\__init__.py:30: UserWarning: Setuptools is replacing distutils. Support for replacing an already imported distutils is deprecated. In the future, this condition will fail. Register concerns at https://github.com/pypa/setuptools/issues/new?template=distutils-deprecation.yml
  warnings.warn(

2026-02-19 19:45:54,684:WARNING:C:\Users\USER\anaconda3\envs\pycaret_env\lib\site-packages\_distutils_hack\__init__.py:30: UserWarning: Setuptools is replacing distutils. Support for replacing an already imported distutils is deprecated. In the future, this condition will fail. Register concerns at https://github.com/pypa/setuptools/issues/new?template=distutils-deprecation.yml
  warnings.warn(

2026-02-19 19:45:54,750:WARNING:C:\Users\USER\anaconda3\envs\pycaret_env\lib\site-packages\_distutils_hack\__init__.py:30: UserWarning: Setuptools is replacing distutils. Support for replacing an already imported distutils is deprecated. In the future, this condition will fail. Register concerns at https://github.com/pypa/setuptools/issues/new?template=distutils-deprecation.yml
  warnings.warn(

2026-02-19 19:45:55,199:WARNING:C:\Users\USER\anaconda3\envs\pycaret_env\lib\site-packages\_distutils_hack\__init__.py:30: UserWarning: Setuptools is replacing distutils. Support for replacing an already imported distutils is deprecated. In the future, this condition will fail. Register concerns at https://github.com/pypa/setuptools/issues/new?template=distutils-deprecation.yml
  warnings.warn(

2026-02-19 19:45:57,335:INFO:Calculating mean and std
2026-02-19 19:45:57,341:INFO:Creating metrics dataframe
2026-02-19 19:45:57,347:INFO:Uploading results into container
2026-02-19 19:45:57,347:INFO:Uploading model into container now
2026-02-19 19:45:57,349:INFO:_master_model_container: 1
2026-02-19 19:45:57,349:INFO:_display_container: 2
2026-02-19 19:45:57,349:INFO:LogisticRegression(C=1.0, class_weight=None, dual=False, fit_intercept=True,
                   intercept_scaling=1, l1_ratio=None, max_iter=1000,
                   multi_class='auto', n_jobs=None, penalty='l2',
                   random_state=42, solver='lbfgs', tol=0.0001, verbose=0,
                   warm_start=False)
2026-02-19 19:45:57,349:INFO:create_model() successfully completed......................................
2026-02-19 19:45:57,446:INFO:SubProcess create_model() end ==================================
2026-02-19 19:45:57,446:INFO:Creating metrics dataframe
2026-02-19 19:45:57,450:INFO:Initializing K Neighbors Classifier
2026-02-19 19:45:57,450:INFO:Total runtime is 0.23720951080322267 minutes
2026-02-19 19:45:57,450:INFO:SubProcess create_model() called ==================================
2026-02-19 19:45:57,450:INFO:Initializing create_model()
2026-02-19 19:45:57,450:INFO:create_model(self=<pycaret.classification.oop.ClassificationExperiment object at 0x0000023011597EE0>, estimator=knn, fold=StratifiedKFold(n_splits=5, random_state=None, shuffle=False), round=4, cross_validation=True, predict=True, fit_kwargs={}, groups=None, refit=False, probability_threshold=None, experiment_custom_tags=None, verbose=False, system=False, add_to_model_list=True, metrics=None, display=<pycaret.internal.display.display.CommonDisplay object at 0x00000230296D9120>, model_only=True, return_train_score=False, error_score=0.0, kwargs={})
2026-02-19 19:45:57,450:INFO:Checking exceptions
2026-02-19 19:45:57,450:INFO:Importing libraries
2026-02-19 19:45:57,450:INFO:Copying training dataset
2026-02-19 19:45:57,469:INFO:Defining folds
2026-02-19 19:45:57,469:INFO:Declaring metric variables
2026-02-19 19:45:57,469:INFO:Importing untrained model
2026-02-19 19:45:57,469:INFO:K Neighbors Classifier Imported successfully
2026-02-19 19:45:57,469:INFO:Starting cross validation
2026-02-19 19:45:57,474:INFO:Cross validating with StratifiedKFold(n_splits=5, random_state=None, shuffle=False), n_jobs=-1
2026-02-19 19:45:59,640:INFO:Calculating mean and std
2026-02-19 19:45:59,642:INFO:Creating metrics dataframe
2026-02-19 19:45:59,646:INFO:Uploading results into container
2026-02-19 19:45:59,646:INFO:Uploading model into container now
2026-02-19 19:45:59,646:INFO:_master_model_container: 2
2026-02-19 19:45:59,646:INFO:_display_container: 2
2026-02-19 19:45:59,650:INFO:KNeighborsClassifier(algorithm='auto', leaf_size=30, metric='minkowski',
                     metric_params=None, n_jobs=-1, n_neighbors=5, p=2,
                     weights='uniform')
2026-02-19 19:45:59,650:INFO:create_model() successfully completed......................................
2026-02-19 19:45:59,762:INFO:SubProcess create_model() end ==================================
2026-02-19 19:45:59,762:INFO:Creating metrics dataframe
2026-02-19 19:45:59,762:INFO:Initializing Naive Bayes
2026-02-19 19:45:59,762:INFO:Total runtime is 0.2757458289464315 minutes
2026-02-19 19:45:59,769:INFO:SubProcess create_model() called ==================================
2026-02-19 19:45:59,770:INFO:Initializing create_model()
2026-02-19 19:45:59,770:INFO:create_model(self=<pycaret.classification.oop.ClassificationExperiment object at 0x0000023011597EE0>, estimator=nb, fold=StratifiedKFold(n_splits=5, random_state=None, shuffle=False), round=4, cross_validation=True, predict=True, fit_kwargs={}, groups=None, refit=False, probability_threshold=None, experiment_custom_tags=None, verbose=False, system=False, add_to_model_list=True, metrics=None, display=<pycaret.internal.display.display.CommonDisplay object at 0x00000230296D9120>, model_only=True, return_train_score=False, error_score=0.0, kwargs={})
2026-02-19 19:45:59,770:INFO:Checking exceptions
2026-02-19 19:45:59,771:INFO:Importing libraries
2026-02-19 19:45:59,771:INFO:Copying training dataset
2026-02-19 19:45:59,795:INFO:Defining folds
2026-02-19 19:45:59,795:INFO:Declaring metric variables
2026-02-19 19:45:59,795:INFO:Importing untrained model
2026-02-19 19:45:59,795:INFO:Naive Bayes Imported successfully
2026-02-19 19:45:59,800:INFO:Starting cross validation
2026-02-19 19:45:59,801:INFO:Cross validating with StratifiedKFold(n_splits=5, random_state=None, shuffle=False), n_jobs=-1
2026-02-19 19:46:01,876:INFO:Calculating mean and std
2026-02-19 19:46:01,878:INFO:Creating metrics dataframe
2026-02-19 19:46:01,880:INFO:Uploading results into container
2026-02-19 19:46:01,880:INFO:Uploading model into container now
2026-02-19 19:46:01,880:INFO:_master_model_container: 3
2026-02-19 19:46:01,880:INFO:_display_container: 2
2026-02-19 19:46:01,880:INFO:GaussianNB(priors=None, var_smoothing=1e-09)
2026-02-19 19:46:01,880:INFO:create_model() successfully completed......................................
2026-02-19 19:46:01,992:INFO:SubProcess create_model() end ==================================
2026-02-19 19:46:01,994:INFO:Creating metrics dataframe
2026-02-19 19:46:01,998:INFO:Initializing Decision Tree Classifier
2026-02-19 19:46:01,998:INFO:Total runtime is 0.31302253802617397 minutes
2026-02-19 19:46:02,000:INFO:SubProcess create_model() called ==================================
2026-02-19 19:46:02,000:INFO:Initializing create_model()
2026-02-19 19:46:02,000:INFO:create_model(self=<pycaret.classification.oop.ClassificationExperiment object at 0x0000023011597EE0>, estimator=dt, fold=StratifiedKFold(n_splits=5, random_state=None, shuffle=False), round=4, cross_validation=True, predict=True, fit_kwargs={}, groups=None, refit=False, probability_threshold=None, experiment_custom_tags=None, verbose=False, system=False, add_to_model_list=True, metrics=None, display=<pycaret.internal.display.display.CommonDisplay object at 0x00000230296D9120>, model_only=True, return_train_score=False, error_score=0.0, kwargs={})
2026-02-19 19:46:02,000:INFO:Checking exceptions
2026-02-19 19:46:02,000:INFO:Importing libraries
2026-02-19 19:46:02,000:INFO:Copying training dataset
2026-02-19 19:46:02,025:INFO:Defining folds
2026-02-19 19:46:02,025:INFO:Declaring metric variables
2026-02-19 19:46:02,027:INFO:Importing untrained model
2026-02-19 19:46:02,027:INFO:Decision Tree Classifier Imported successfully
2026-02-19 19:46:02,027:INFO:Starting cross validation
2026-02-19 19:46:02,041:INFO:Cross validating with StratifiedKFold(n_splits=5, random_state=None, shuffle=False), n_jobs=-1
2026-02-19 19:46:04,189:INFO:Calculating mean and std
2026-02-19 19:46:04,190:INFO:Creating metrics dataframe
2026-02-19 19:46:04,192:INFO:Uploading results into container
2026-02-19 19:46:04,192:INFO:Uploading model into container now
2026-02-19 19:46:04,192:INFO:_master_model_container: 4
2026-02-19 19:46:04,197:INFO:_display_container: 2
2026-02-19 19:46:04,197:INFO:DecisionTreeClassifier(ccp_alpha=0.0, class_weight=None, criterion='gini',
                       max_depth=None, max_features=None, max_leaf_nodes=None,
                       min_impurity_decrease=0.0, min_samples_leaf=1,
                       min_samples_split=2, min_weight_fraction_leaf=0.0,
                       monotonic_cst=None, random_state=42, splitter='best')
2026-02-19 19:46:04,197:INFO:create_model() successfully completed......................................
2026-02-19 19:46:04,297:INFO:SubProcess create_model() end ==================================
2026-02-19 19:46:04,297:INFO:Creating metrics dataframe
2026-02-19 19:46:04,300:INFO:Initializing SVM - Linear Kernel
2026-02-19 19:46:04,300:INFO:Total runtime is 0.35138875643412276 minutes
2026-02-19 19:46:04,300:INFO:SubProcess create_model() called ==================================
2026-02-19 19:46:04,300:INFO:Initializing create_model()
2026-02-19 19:46:04,300:INFO:create_model(self=<pycaret.classification.oop.ClassificationExperiment object at 0x0000023011597EE0>, estimator=svm, fold=StratifiedKFold(n_splits=5, random_state=None, shuffle=False), round=4, cross_validation=True, predict=True, fit_kwargs={}, groups=None, refit=False, probability_threshold=None, experiment_custom_tags=None, verbose=False, system=False, add_to_model_list=True, metrics=None, display=<pycaret.internal.display.display.CommonDisplay object at 0x00000230296D9120>, model_only=True, return_train_score=False, error_score=0.0, kwargs={})
2026-02-19 19:46:04,306:INFO:Checking exceptions
2026-02-19 19:46:04,306:INFO:Importing libraries
2026-02-19 19:46:04,306:INFO:Copying training dataset
2026-02-19 19:46:04,337:INFO:Defining folds
2026-02-19 19:46:04,337:INFO:Declaring metric variables
2026-02-19 19:46:04,337:INFO:Importing untrained model
2026-02-19 19:46:04,339:INFO:SVM - Linear Kernel Imported successfully
2026-02-19 19:46:04,339:INFO:Starting cross validation
2026-02-19 19:46:04,347:INFO:Cross validating with StratifiedKFold(n_splits=5, random_state=None, shuffle=False), n_jobs=-1
2026-02-19 19:46:06,526:INFO:Calculating mean and std
2026-02-19 19:46:06,526:INFO:Creating metrics dataframe
2026-02-19 19:46:06,538:INFO:Uploading results into container
2026-02-19 19:46:06,541:INFO:Uploading model into container now
2026-02-19 19:46:06,542:INFO:_master_model_container: 5
2026-02-19 19:46:06,542:INFO:_display_container: 2
2026-02-19 19:46:06,544:INFO:SGDClassifier(alpha=0.0001, average=False, class_weight=None,
              early_stopping=False, epsilon=0.1, eta0=0.001, fit_intercept=True,
              l1_ratio=0.15, learning_rate='optimal', loss='hinge',
              max_iter=1000, n_iter_no_change=5, n_jobs=-1, penalty='l2',
              power_t=0.5, random_state=42, shuffle=True, tol=0.001,
              validation_fraction=0.1, verbose=0, warm_start=False)
2026-02-19 19:46:06,544:INFO:create_model() successfully completed......................................
2026-02-19 19:46:06,646:INFO:SubProcess create_model() end ==================================
2026-02-19 19:46:06,646:INFO:Creating metrics dataframe
2026-02-19 19:46:06,650:INFO:Initializing Ridge Classifier
2026-02-19 19:46:06,650:INFO:Total runtime is 0.3905567367871603 minutes
2026-02-19 19:46:06,650:INFO:SubProcess create_model() called ==================================
2026-02-19 19:46:06,650:INFO:Initializing create_model()
2026-02-19 19:46:06,650:INFO:create_model(self=<pycaret.classification.oop.ClassificationExperiment object at 0x0000023011597EE0>, estimator=ridge, fold=StratifiedKFold(n_splits=5, random_state=None, shuffle=False), round=4, cross_validation=True, predict=True, fit_kwargs={}, groups=None, refit=False, probability_threshold=None, experiment_custom_tags=None, verbose=False, system=False, add_to_model_list=True, metrics=None, display=<pycaret.internal.display.display.CommonDisplay object at 0x00000230296D9120>, model_only=True, return_train_score=False, error_score=0.0, kwargs={})
2026-02-19 19:46:06,650:INFO:Checking exceptions
2026-02-19 19:46:06,650:INFO:Importing libraries
2026-02-19 19:46:06,650:INFO:Copying training dataset
2026-02-19 19:46:06,671:INFO:Defining folds
2026-02-19 19:46:06,671:INFO:Declaring metric variables
2026-02-19 19:46:06,671:INFO:Importing untrained model
2026-02-19 19:46:06,671:INFO:Ridge Classifier Imported successfully
2026-02-19 19:46:06,671:INFO:Starting cross validation
2026-02-19 19:46:06,681:INFO:Cross validating with StratifiedKFold(n_splits=5, random_state=None, shuffle=False), n_jobs=-1
2026-02-19 19:46:08,719:INFO:Calculating mean and std
2026-02-19 19:46:08,722:INFO:Creating metrics dataframe
2026-02-19 19:46:08,725:INFO:Uploading results into container
2026-02-19 19:46:08,725:INFO:Uploading model into container now
2026-02-19 19:46:08,728:INFO:_master_model_container: 6
2026-02-19 19:46:08,728:INFO:_display_container: 2
2026-02-19 19:46:08,728:INFO:RidgeClassifier(alpha=1.0, class_weight=None, copy_X=True, fit_intercept=True,
                max_iter=None, positive=False, random_state=42, solver='auto',
                tol=0.0001)
2026-02-19 19:46:08,728:INFO:create_model() successfully completed......................................
2026-02-19 19:46:08,825:INFO:SubProcess create_model() end ==================================
2026-02-19 19:46:08,825:INFO:Creating metrics dataframe
2026-02-19 19:46:08,831:INFO:Initializing Random Forest Classifier
2026-02-19 19:46:08,831:INFO:Total runtime is 0.4269025921821595 minutes
2026-02-19 19:46:08,831:INFO:SubProcess create_model() called ==================================
2026-02-19 19:46:08,831:INFO:Initializing create_model()
2026-02-19 19:46:08,831:INFO:create_model(self=<pycaret.classification.oop.ClassificationExperiment object at 0x0000023011597EE0>, estimator=rf, fold=StratifiedKFold(n_splits=5, random_state=None, shuffle=False), round=4, cross_validation=True, predict=True, fit_kwargs={}, groups=None, refit=False, probability_threshold=None, experiment_custom_tags=None, verbose=False, system=False, add_to_model_list=True, metrics=None, display=<pycaret.internal.display.display.CommonDisplay object at 0x00000230296D9120>, model_only=True, return_train_score=False, error_score=0.0, kwargs={})
2026-02-19 19:46:08,831:INFO:Checking exceptions
2026-02-19 19:46:08,831:INFO:Importing libraries
2026-02-19 19:46:08,831:INFO:Copying training dataset
2026-02-19 19:46:08,851:INFO:Defining folds
2026-02-19 19:46:08,851:INFO:Declaring metric variables
2026-02-19 19:46:08,851:INFO:Importing untrained model
2026-02-19 19:46:08,851:INFO:Random Forest Classifier Imported successfully
2026-02-19 19:46:08,856:INFO:Starting cross validation
2026-02-19 19:46:08,861:INFO:Cross validating with StratifiedKFold(n_splits=5, random_state=None, shuffle=False), n_jobs=-1
2026-02-19 19:46:12,797:INFO:Calculating mean and std
2026-02-19 19:46:12,797:INFO:Creating metrics dataframe
2026-02-19 19:46:12,800:INFO:Uploading results into container
2026-02-19 19:46:12,800:INFO:Uploading model into container now
2026-02-19 19:46:12,801:INFO:_master_model_container: 7
2026-02-19 19:46:12,801:INFO:_display_container: 2
2026-02-19 19:46:12,801:INFO:RandomForestClassifier(bootstrap=True, ccp_alpha=0.0, class_weight=None,
                       criterion='gini', max_depth=None, max_features='sqrt',
                       max_leaf_nodes=None, max_samples=None,
                       min_impurity_decrease=0.0, min_samples_leaf=1,
                       min_samples_split=2, min_weight_fraction_leaf=0.0,
                       monotonic_cst=None, n_estimators=100, n_jobs=-1,
                       oob_score=False, random_state=42, verbose=0,
                       warm_start=False)
2026-02-19 19:46:12,801:INFO:create_model() successfully completed......................................
2026-02-19 19:46:12,904:INFO:SubProcess create_model() end ==================================
2026-02-19 19:46:12,904:INFO:Creating metrics dataframe
2026-02-19 19:46:12,913:INFO:Initializing Quadratic Discriminant Analysis
2026-02-19 19:46:12,913:INFO:Total runtime is 0.49492779175440477 minutes
2026-02-19 19:46:12,913:INFO:SubProcess create_model() called ==================================
2026-02-19 19:46:12,913:INFO:Initializing create_model()
2026-02-19 19:46:12,913:INFO:create_model(self=<pycaret.classification.oop.ClassificationExperiment object at 0x0000023011597EE0>, estimator=qda, fold=StratifiedKFold(n_splits=5, random_state=None, shuffle=False), round=4, cross_validation=True, predict=True, fit_kwargs={}, groups=None, refit=False, probability_threshold=None, experiment_custom_tags=None, verbose=False, system=False, add_to_model_list=True, metrics=None, display=<pycaret.internal.display.display.CommonDisplay object at 0x00000230296D9120>, model_only=True, return_train_score=False, error_score=0.0, kwargs={})
2026-02-19 19:46:12,913:INFO:Checking exceptions
2026-02-19 19:46:12,913:INFO:Importing libraries
2026-02-19 19:46:12,913:INFO:Copying training dataset
2026-02-19 19:46:12,936:INFO:Defining folds
2026-02-19 19:46:12,936:INFO:Declaring metric variables
2026-02-19 19:46:12,936:INFO:Importing untrained model
2026-02-19 19:46:12,936:INFO:Quadratic Discriminant Analysis Imported successfully
2026-02-19 19:46:12,936:INFO:Starting cross validation
2026-02-19 19:46:12,963:INFO:Cross validating with StratifiedKFold(n_splits=5, random_state=None, shuffle=False), n_jobs=-1
2026-02-19 19:46:14,191:WARNING:C:\Users\USER\anaconda3\envs\pycaret_env\lib\site-packages\sklearn\discriminant_analysis.py:935: UserWarning: Variables are collinear
  warnings.warn("Variables are collinear")

2026-02-19 19:46:14,193:WARNING:C:\Users\USER\anaconda3\envs\pycaret_env\lib\site-packages\sklearn\discriminant_analysis.py:935: UserWarning: Variables are collinear
  warnings.warn("Variables are collinear")

2026-02-19 19:46:14,193:WARNING:C:\Users\USER\anaconda3\envs\pycaret_env\lib\site-packages\sklearn\discriminant_analysis.py:935: UserWarning: Variables are collinear
  warnings.warn("Variables are collinear")

2026-02-19 19:46:14,196:WARNING:C:\Users\USER\anaconda3\envs\pycaret_env\lib\site-packages\sklearn\discriminant_analysis.py:935: UserWarning: Variables are collinear
  warnings.warn("Variables are collinear")

2026-02-19 19:46:15,027:WARNING:C:\Users\USER\anaconda3\envs\pycaret_env\lib\site-packages\sklearn\discriminant_analysis.py:935: UserWarning: Variables are collinear
  warnings.warn("Variables are collinear")

2026-02-19 19:46:15,194:INFO:Calculating mean and std
2026-02-19 19:46:15,197:INFO:Creating metrics dataframe
2026-02-19 19:46:15,200:INFO:Uploading results into container
2026-02-19 19:46:15,200:INFO:Uploading model into container now
2026-02-19 19:46:15,201:INFO:_master_model_container: 8
2026-02-19 19:46:15,201:INFO:_display_container: 2
2026-02-19 19:46:15,203:INFO:QuadraticDiscriminantAnalysis(priors=None, reg_param=0.0,
                              store_covariance=False, tol=0.0001)
2026-02-19 19:46:15,203:INFO:create_model() successfully completed......................................
2026-02-19 19:46:15,307:INFO:SubProcess create_model() end ==================================
2026-02-19 19:46:15,307:INFO:Creating metrics dataframe
2026-02-19 19:46:15,309:INFO:Initializing Ada Boost Classifier
2026-02-19 19:46:15,309:INFO:Total runtime is 0.5348696470260621 minutes
2026-02-19 19:46:15,312:INFO:SubProcess create_model() called ==================================
2026-02-19 19:46:15,312:INFO:Initializing create_model()
2026-02-19 19:46:15,313:INFO:create_model(self=<pycaret.classification.oop.ClassificationExperiment object at 0x0000023011597EE0>, estimator=ada, fold=StratifiedKFold(n_splits=5, random_state=None, shuffle=False), round=4, cross_validation=True, predict=True, fit_kwargs={}, groups=None, refit=False, probability_threshold=None, experiment_custom_tags=None, verbose=False, system=False, add_to_model_list=True, metrics=None, display=<pycaret.internal.display.display.CommonDisplay object at 0x00000230296D9120>, model_only=True, return_train_score=False, error_score=0.0, kwargs={})
2026-02-19 19:46:15,313:INFO:Checking exceptions
2026-02-19 19:46:15,313:INFO:Importing libraries
2026-02-19 19:46:15,313:INFO:Copying training dataset
2026-02-19 19:46:15,327:INFO:Defining folds
2026-02-19 19:46:15,327:INFO:Declaring metric variables
2026-02-19 19:46:15,327:INFO:Importing untrained model
2026-02-19 19:46:15,327:INFO:Ada Boost Classifier Imported successfully
2026-02-19 19:46:15,327:INFO:Starting cross validation
2026-02-19 19:46:15,338:INFO:Cross validating with StratifiedKFold(n_splits=5, random_state=None, shuffle=False), n_jobs=-1
2026-02-19 19:46:16,629:WARNING:C:\Users\USER\anaconda3\envs\pycaret_env\lib\site-packages\sklearn\ensemble\_weight_boosting.py:519: FutureWarning: The SAMME.R algorithm (the default) is deprecated and will be removed in 1.6. Use the SAMME algorithm to circumvent this warning.
  warnings.warn(

2026-02-19 19:46:16,629:WARNING:C:\Users\USER\anaconda3\envs\pycaret_env\lib\site-packages\sklearn\ensemble\_weight_boosting.py:519: FutureWarning: The SAMME.R algorithm (the default) is deprecated and will be removed in 1.6. Use the SAMME algorithm to circumvent this warning.
  warnings.warn(

2026-02-19 19:46:16,629:WARNING:C:\Users\USER\anaconda3\envs\pycaret_env\lib\site-packages\sklearn\ensemble\_weight_boosting.py:519: FutureWarning: The SAMME.R algorithm (the default) is deprecated and will be removed in 1.6. Use the SAMME algorithm to circumvent this warning.
  warnings.warn(

2026-02-19 19:46:16,629:WARNING:C:\Users\USER\anaconda3\envs\pycaret_env\lib\site-packages\sklearn\ensemble\_weight_boosting.py:519: FutureWarning: The SAMME.R algorithm (the default) is deprecated and will be removed in 1.6. Use the SAMME algorithm to circumvent this warning.
  warnings.warn(

2026-02-19 19:46:18,302:WARNING:C:\Users\USER\anaconda3\envs\pycaret_env\lib\site-packages\sklearn\ensemble\_weight_boosting.py:519: FutureWarning: The SAMME.R algorithm (the default) is deprecated and will be removed in 1.6. Use the SAMME algorithm to circumvent this warning.
  warnings.warn(

2026-02-19 19:46:18,888:INFO:Calculating mean and std
2026-02-19 19:46:18,889:INFO:Creating metrics dataframe
2026-02-19 19:46:18,892:INFO:Uploading results into container
2026-02-19 19:46:18,899:INFO:Uploading model into container now
2026-02-19 19:46:18,900:INFO:_master_model_container: 9
2026-02-19 19:46:18,900:INFO:_display_container: 2
2026-02-19 19:46:18,900:INFO:AdaBoostClassifier(algorithm='SAMME.R', estimator=None, learning_rate=1.0,
                   n_estimators=50, random_state=42)
2026-02-19 19:46:18,900:INFO:create_model() successfully completed......................................
2026-02-19 19:46:19,003:INFO:SubProcess create_model() end ==================================
2026-02-19 19:46:19,003:INFO:Creating metrics dataframe
2026-02-19 19:46:19,012:INFO:Initializing Gradient Boosting Classifier
2026-02-19 19:46:19,012:INFO:Total runtime is 0.5965837955474854 minutes
2026-02-19 19:46:19,012:INFO:SubProcess create_model() called ==================================
2026-02-19 19:46:19,012:INFO:Initializing create_model()
2026-02-19 19:46:19,012:INFO:create_model(self=<pycaret.classification.oop.ClassificationExperiment object at 0x0000023011597EE0>, estimator=gbc, fold=StratifiedKFold(n_splits=5, random_state=None, shuffle=False), round=4, cross_validation=True, predict=True, fit_kwargs={}, groups=None, refit=False, probability_threshold=None, experiment_custom_tags=None, verbose=False, system=False, add_to_model_list=True, metrics=None, display=<pycaret.internal.display.display.CommonDisplay object at 0x00000230296D9120>, model_only=True, return_train_score=False, error_score=0.0, kwargs={})
2026-02-19 19:46:19,012:INFO:Checking exceptions
2026-02-19 19:46:19,012:INFO:Importing libraries
2026-02-19 19:46:19,017:INFO:Copying training dataset
2026-02-19 19:46:19,042:INFO:Defining folds
2026-02-19 19:46:19,042:INFO:Declaring metric variables
2026-02-19 19:46:19,042:INFO:Importing untrained model
2026-02-19 19:46:19,044:INFO:Gradient Boosting Classifier Imported successfully
2026-02-19 19:46:19,044:INFO:Starting cross validation
2026-02-19 19:46:19,049:INFO:Cross validating with StratifiedKFold(n_splits=5, random_state=None, shuffle=False), n_jobs=-1
2026-02-19 19:46:24,139:INFO:Calculating mean and std
2026-02-19 19:46:24,139:INFO:Creating metrics dataframe
2026-02-19 19:46:24,144:INFO:Uploading results into container
2026-02-19 19:46:24,144:INFO:Uploading model into container now
2026-02-19 19:46:24,144:INFO:_master_model_container: 10
2026-02-19 19:46:24,144:INFO:_display_container: 2
2026-02-19 19:46:24,144:INFO:GradientBoostingClassifier(ccp_alpha=0.0, criterion='friedman_mse', init=None,
                           learning_rate=0.1, loss='log_loss', max_depth=3,
                           max_features=None, max_leaf_nodes=None,
                           min_impurity_decrease=0.0, min_samples_leaf=1,
                           min_samples_split=2, min_weight_fraction_leaf=0.0,
                           n_estimators=100, n_iter_no_change=None,
                           random_state=42, subsample=1.0, tol=0.0001,
                           validation_fraction=0.1, verbose=0,
                           warm_start=False)
2026-02-19 19:46:24,144:INFO:create_model() successfully completed......................................
2026-02-19 19:46:24,263:INFO:SubProcess create_model() end ==================================
2026-02-19 19:46:24,263:INFO:Creating metrics dataframe
2026-02-19 19:46:24,272:INFO:Initializing Linear Discriminant Analysis
2026-02-19 19:46:24,272:INFO:Total runtime is 0.684251618385315 minutes
2026-02-19 19:46:24,273:INFO:SubProcess create_model() called ==================================
2026-02-19 19:46:24,273:INFO:Initializing create_model()
2026-02-19 19:46:24,273:INFO:create_model(self=<pycaret.classification.oop.ClassificationExperiment object at 0x0000023011597EE0>, estimator=lda, fold=StratifiedKFold(n_splits=5, random_state=None, shuffle=False), round=4, cross_validation=True, predict=True, fit_kwargs={}, groups=None, refit=False, probability_threshold=None, experiment_custom_tags=None, verbose=False, system=False, add_to_model_list=True, metrics=None, display=<pycaret.internal.display.display.CommonDisplay object at 0x00000230296D9120>, model_only=True, return_train_score=False, error_score=0.0, kwargs={})
2026-02-19 19:46:24,273:INFO:Checking exceptions
2026-02-19 19:46:24,273:INFO:Importing libraries
2026-02-19 19:46:24,273:INFO:Copying training dataset
2026-02-19 19:46:24,304:INFO:Defining folds
2026-02-19 19:46:24,304:INFO:Declaring metric variables
2026-02-19 19:46:24,304:INFO:Importing untrained model
2026-02-19 19:46:24,304:INFO:Linear Discriminant Analysis Imported successfully
2026-02-19 19:46:24,304:INFO:Starting cross validation
2026-02-19 19:46:24,312:INFO:Cross validating with StratifiedKFold(n_splits=5, random_state=None, shuffle=False), n_jobs=-1
2026-02-19 19:46:26,701:INFO:Calculating mean and std
2026-02-19 19:46:26,701:INFO:Creating metrics dataframe
2026-02-19 19:46:26,705:INFO:Uploading results into container
2026-02-19 19:46:26,705:INFO:Uploading model into container now
2026-02-19 19:46:26,705:INFO:_master_model_container: 11
2026-02-19 19:46:26,705:INFO:_display_container: 2
2026-02-19 19:46:26,705:INFO:LinearDiscriminantAnalysis(covariance_estimator=None, n_components=None,
                           priors=None, shrinkage=None, solver='svd',
                           store_covariance=False, tol=0.0001)
2026-02-19 19:46:26,705:INFO:create_model() successfully completed......................................
2026-02-19 19:46:26,808:INFO:SubProcess create_model() end ==================================
2026-02-19 19:46:26,808:INFO:Creating metrics dataframe
2026-02-19 19:46:26,818:INFO:Initializing Extra Trees Classifier
2026-02-19 19:46:26,818:INFO:Total runtime is 0.7266838947931926 minutes
2026-02-19 19:46:26,818:INFO:SubProcess create_model() called ==================================
2026-02-19 19:46:26,818:INFO:Initializing create_model()
2026-02-19 19:46:26,818:INFO:create_model(self=<pycaret.classification.oop.ClassificationExperiment object at 0x0000023011597EE0>, estimator=et, fold=StratifiedKFold(n_splits=5, random_state=None, shuffle=False), round=4, cross_validation=True, predict=True, fit_kwargs={}, groups=None, refit=False, probability_threshold=None, experiment_custom_tags=None, verbose=False, system=False, add_to_model_list=True, metrics=None, display=<pycaret.internal.display.display.CommonDisplay object at 0x00000230296D9120>, model_only=True, return_train_score=False, error_score=0.0, kwargs={})
2026-02-19 19:46:26,818:INFO:Checking exceptions
2026-02-19 19:46:26,818:INFO:Importing libraries
2026-02-19 19:46:26,818:INFO:Copying training dataset
2026-02-19 19:46:26,853:INFO:Defining folds
2026-02-19 19:46:26,853:INFO:Declaring metric variables
2026-02-19 19:46:26,853:INFO:Importing untrained model
2026-02-19 19:46:26,853:INFO:Extra Trees Classifier Imported successfully
2026-02-19 19:46:26,853:INFO:Starting cross validation
2026-02-19 19:46:26,866:INFO:Cross validating with StratifiedKFold(n_splits=5, random_state=None, shuffle=False), n_jobs=-1
2026-02-19 19:46:30,834:INFO:Calculating mean and std
2026-02-19 19:46:30,839:INFO:Creating metrics dataframe
2026-02-19 19:46:30,842:INFO:Uploading results into container
2026-02-19 19:46:30,844:INFO:Uploading model into container now
2026-02-19 19:46:30,844:INFO:_master_model_container: 12
2026-02-19 19:46:30,844:INFO:_display_container: 2
2026-02-19 19:46:30,844:INFO:ExtraTreesClassifier(bootstrap=False, ccp_alpha=0.0, class_weight=None,
                     criterion='gini', max_depth=None, max_features='sqrt',
                     max_leaf_nodes=None, max_samples=None,
                     min_impurity_decrease=0.0, min_samples_leaf=1,
                     min_samples_split=2, min_weight_fraction_leaf=0.0,
                     monotonic_cst=None, n_estimators=100, n_jobs=-1,
                     oob_score=False, random_state=42, verbose=0,
                     warm_start=False)
2026-02-19 19:46:30,844:INFO:create_model() successfully completed......................................
2026-02-19 19:46:30,956:INFO:SubProcess create_model() end ==================================
2026-02-19 19:46:30,956:INFO:Creating metrics dataframe
2026-02-19 19:46:30,970:INFO:Initializing Light Gradient Boosting Machine
2026-02-19 19:46:30,970:INFO:Total runtime is 0.7958755493164064 minutes
2026-02-19 19:46:30,970:INFO:SubProcess create_model() called ==================================
2026-02-19 19:46:30,970:INFO:Initializing create_model()
2026-02-19 19:46:30,970:INFO:create_model(self=<pycaret.classification.oop.ClassificationExperiment object at 0x0000023011597EE0>, estimator=lightgbm, fold=StratifiedKFold(n_splits=5, random_state=None, shuffle=False), round=4, cross_validation=True, predict=True, fit_kwargs={}, groups=None, refit=False, probability_threshold=None, experiment_custom_tags=None, verbose=False, system=False, add_to_model_list=True, metrics=None, display=<pycaret.internal.display.display.CommonDisplay object at 0x00000230296D9120>, model_only=True, return_train_score=False, error_score=0.0, kwargs={})
2026-02-19 19:46:30,970:INFO:Checking exceptions
2026-02-19 19:46:30,970:INFO:Importing libraries
2026-02-19 19:46:30,970:INFO:Copying training dataset
2026-02-19 19:46:31,008:INFO:Defining folds
2026-02-19 19:46:31,008:INFO:Declaring metric variables
2026-02-19 19:46:31,015:INFO:Importing untrained model
2026-02-19 19:46:31,015:INFO:Light Gradient Boosting Machine Imported successfully
2026-02-19 19:46:31,015:INFO:Starting cross validation
2026-02-19 19:46:31,022:INFO:Cross validating with StratifiedKFold(n_splits=5, random_state=None, shuffle=False), n_jobs=-1
2026-02-19 19:46:36,362:INFO:Calculating mean and std
2026-02-19 19:46:36,364:INFO:Creating metrics dataframe
2026-02-19 19:46:36,369:INFO:Uploading results into container
2026-02-19 19:46:36,371:INFO:Uploading model into container now
2026-02-19 19:46:36,373:INFO:_master_model_container: 13
2026-02-19 19:46:36,373:INFO:_display_container: 2
2026-02-19 19:46:36,375:INFO:LGBMClassifier(boosting_type='gbdt', class_weight=None, colsample_bytree=1.0,
               importance_type='split', learning_rate=0.1, max_depth=-1,
               min_child_samples=20, min_child_weight=0.001, min_split_gain=0.0,
               n_estimators=100, n_jobs=-1, num_leaves=31, objective=None,
               random_state=42, reg_alpha=0.0, reg_lambda=0.0, subsample=1.0,
               subsample_for_bin=200000, subsample_freq=0)
2026-02-19 19:46:36,375:INFO:create_model() successfully completed......................................
2026-02-19 19:46:36,511:INFO:SubProcess create_model() end ==================================
2026-02-19 19:46:36,511:INFO:Creating metrics dataframe
2026-02-19 19:46:36,522:INFO:Initializing Dummy Classifier
2026-02-19 19:46:36,522:INFO:Total runtime is 0.888419783115387 minutes
2026-02-19 19:46:36,522:INFO:SubProcess create_model() called ==================================
2026-02-19 19:46:36,522:INFO:Initializing create_model()
2026-02-19 19:46:36,522:INFO:create_model(self=<pycaret.classification.oop.ClassificationExperiment object at 0x0000023011597EE0>, estimator=dummy, fold=StratifiedKFold(n_splits=5, random_state=None, shuffle=False), round=4, cross_validation=True, predict=True, fit_kwargs={}, groups=None, refit=False, probability_threshold=None, experiment_custom_tags=None, verbose=False, system=False, add_to_model_list=True, metrics=None, display=<pycaret.internal.display.display.CommonDisplay object at 0x00000230296D9120>, model_only=True, return_train_score=False, error_score=0.0, kwargs={})
2026-02-19 19:46:36,522:INFO:Checking exceptions
2026-02-19 19:46:36,522:INFO:Importing libraries
2026-02-19 19:46:36,522:INFO:Copying training dataset
2026-02-19 19:46:36,551:INFO:Defining folds
2026-02-19 19:46:36,551:INFO:Declaring metric variables
2026-02-19 19:46:36,551:INFO:Importing untrained model
2026-02-19 19:46:36,551:INFO:Dummy Classifier Imported successfully
2026-02-19 19:46:36,554:INFO:Starting cross validation
2026-02-19 19:46:36,564:INFO:Cross validating with StratifiedKFold(n_splits=5, random_state=None, shuffle=False), n_jobs=-1
2026-02-19 19:46:38,315:WARNING:C:\Users\USER\anaconda3\envs\pycaret_env\lib\site-packages\sklearn\metrics\_classification.py:1509: UndefinedMetricWarning: Precision is ill-defined and being set to 0.0 due to no predicted samples. Use `zero_division` parameter to control this behavior.
  _warn_prf(average, modifier, f"{metric.capitalize()} is", len(result))

2026-02-19 19:46:38,320:WARNING:C:\Users\USER\anaconda3\envs\pycaret_env\lib\site-packages\sklearn\metrics\_classification.py:1509: UndefinedMetricWarning: Precision is ill-defined and being set to 0.0 due to no predicted samples. Use `zero_division` parameter to control this behavior.
  _warn_prf(average, modifier, f"{metric.capitalize()} is", len(result))

2026-02-19 19:46:38,322:WARNING:C:\Users\USER\anaconda3\envs\pycaret_env\lib\site-packages\sklearn\metrics\_classification.py:1509: UndefinedMetricWarning: Precision is ill-defined and being set to 0.0 due to no predicted samples. Use `zero_division` parameter to control this behavior.
  _warn_prf(average, modifier, f"{metric.capitalize()} is", len(result))

2026-02-19 19:46:38,329:WARNING:C:\Users\USER\anaconda3\envs\pycaret_env\lib\site-packages\sklearn\metrics\_classification.py:1509: UndefinedMetricWarning: Precision is ill-defined and being set to 0.0 due to no predicted samples. Use `zero_division` parameter to control this behavior.
  _warn_prf(average, modifier, f"{metric.capitalize()} is", len(result))

2026-02-19 19:46:39,109:WARNING:C:\Users\USER\anaconda3\envs\pycaret_env\lib\site-packages\sklearn\metrics\_classification.py:1509: UndefinedMetricWarning: Precision is ill-defined and being set to 0.0 due to no predicted samples. Use `zero_division` parameter to control this behavior.
  _warn_prf(average, modifier, f"{metric.capitalize()} is", len(result))

2026-02-19 19:46:39,126:INFO:Calculating mean and std
2026-02-19 19:46:39,130:INFO:Creating metrics dataframe
2026-02-19 19:46:39,130:INFO:Uploading results into container
2026-02-19 19:46:39,130:INFO:Uploading model into container now
2026-02-19 19:46:39,133:INFO:_master_model_container: 14
2026-02-19 19:46:39,133:INFO:_display_container: 2
2026-02-19 19:46:39,133:INFO:DummyClassifier(constant=None, random_state=42, strategy='prior')
2026-02-19 19:46:39,135:INFO:create_model() successfully completed......................................
2026-02-19 19:46:39,253:INFO:SubProcess create_model() end ==================================
2026-02-19 19:46:39,253:INFO:Creating metrics dataframe
2026-02-19 19:46:39,270:WARNING:C:\Users\USER\anaconda3\envs\pycaret_env\lib\site-packages\pycaret\internal\pycaret_experiment\supervised_experiment.py:323: FutureWarning: Styler.applymap has been deprecated. Use Styler.map instead.
  master_display_.apply(

2026-02-19 19:46:39,272:INFO:Initializing create_model()
2026-02-19 19:46:39,272:INFO:create_model(self=<pycaret.classification.oop.ClassificationExperiment object at 0x0000023011597EE0>, estimator=AdaBoostClassifier(algorithm='SAMME.R', estimator=None, learning_rate=1.0,
                   n_estimators=50, random_state=42), fold=StratifiedKFold(n_splits=5, random_state=None, shuffle=False), round=4, cross_validation=False, predict=False, fit_kwargs={}, groups=None, refit=True, probability_threshold=None, experiment_custom_tags=None, verbose=False, system=False, add_to_model_list=True, metrics=None, display=None, model_only=True, return_train_score=False, error_score=0.0, kwargs={})
2026-02-19 19:46:39,272:INFO:Checking exceptions
2026-02-19 19:46:39,275:INFO:Importing libraries
2026-02-19 19:46:39,275:INFO:Copying training dataset
2026-02-19 19:46:39,305:INFO:Defining folds
2026-02-19 19:46:39,305:INFO:Declaring metric variables
2026-02-19 19:46:39,305:INFO:Importing untrained model
2026-02-19 19:46:39,305:INFO:Declaring custom model
2026-02-19 19:46:39,305:INFO:Ada Boost Classifier Imported successfully
2026-02-19 19:46:39,327:INFO:Cross validation set to False
2026-02-19 19:46:39,327:INFO:Fitting Model
2026-02-19 19:46:39,925:WARNING:C:\Users\USER\anaconda3\envs\pycaret_env\lib\site-packages\sklearn\ensemble\_weight_boosting.py:519: FutureWarning: The SAMME.R algorithm (the default) is deprecated and will be removed in 1.6. Use the SAMME algorithm to circumvent this warning.
  warnings.warn(

2026-02-19 19:46:40,385:INFO:AdaBoostClassifier(algorithm='SAMME.R', estimator=None, learning_rate=1.0,
                   n_estimators=50, random_state=42)
2026-02-19 19:46:40,389:INFO:create_model() successfully completed......................................
2026-02-19 19:46:40,535:INFO:_master_model_container: 14
2026-02-19 19:46:40,535:INFO:_display_container: 2
2026-02-19 19:46:40,536:INFO:AdaBoostClassifier(algorithm='SAMME.R', estimator=None, learning_rate=1.0,
                   n_estimators=50, random_state=42)
2026-02-19 19:46:40,536:INFO:compare_models() successfully completed......................................
2026-02-19 19:46:40,720:INFO:Initializing tune_model()
2026-02-19 19:46:40,723:INFO:tune_model(estimator=AdaBoostClassifier(algorithm='SAMME.R', estimator=None, learning_rate=1.0,
                   n_estimators=50, random_state=42), fold=None, round=4, n_iter=20, custom_grid=None, optimize=Recall, custom_scorer=None, search_library=scikit-learn, search_algorithm=None, early_stopping=False, early_stopping_max_iters=10, choose_better=True, fit_kwargs=None, groups=None, return_tuner=False, verbose=True, tuner_verbose=True, return_train_score=False, kwargs={}, self=<pycaret.classification.oop.ClassificationExperiment object at 0x0000023011597EE0>)
2026-02-19 19:46:40,723:INFO:Checking exceptions
2026-02-19 19:46:40,762:INFO:Copying training dataset
2026-02-19 19:46:40,779:INFO:Checking base model
2026-02-19 19:46:40,779:INFO:Base model : Ada Boost Classifier
2026-02-19 19:46:40,785:INFO:Declaring metric variables
2026-02-19 19:46:40,785:INFO:Defining Hyperparameters
2026-02-19 19:46:40,920:INFO:Tuning with n_jobs=-1
2026-02-19 19:46:40,920:INFO:Initializing RandomizedSearchCV
2026-02-19 19:47:59,904:INFO:best_params: {'actual_estimator__n_estimators': 300, 'actual_estimator__learning_rate': 0.3, 'actual_estimator__algorithm': 'SAMME'}
2026-02-19 19:47:59,904:INFO:Hyperparameter search completed
2026-02-19 19:47:59,904:INFO:SubProcess create_model() called ==================================
2026-02-19 19:47:59,908:INFO:Initializing create_model()
2026-02-19 19:47:59,908:INFO:create_model(self=<pycaret.classification.oop.ClassificationExperiment object at 0x0000023011597EE0>, estimator=AdaBoostClassifier(algorithm='SAMME.R', estimator=None, learning_rate=1.0,
                   n_estimators=50, random_state=42), fold=StratifiedKFold(n_splits=5, random_state=None, shuffle=False), round=4, cross_validation=True, predict=True, fit_kwargs={}, groups=None, refit=True, probability_threshold=None, experiment_custom_tags=None, verbose=True, system=False, add_to_model_list=True, metrics=None, display=<pycaret.internal.display.display.CommonDisplay object at 0x000002302948A1D0>, model_only=True, return_train_score=False, error_score=0.0, kwargs={'n_estimators': 300, 'learning_rate': 0.3, 'algorithm': 'SAMME'})
2026-02-19 19:47:59,908:INFO:Checking exceptions
2026-02-19 19:47:59,908:INFO:Importing libraries
2026-02-19 19:47:59,910:INFO:Copying training dataset
2026-02-19 19:47:59,944:INFO:Defining folds
2026-02-19 19:47:59,944:INFO:Declaring metric variables
2026-02-19 19:47:59,946:INFO:Importing untrained model
2026-02-19 19:47:59,946:INFO:Declaring custom model
2026-02-19 19:47:59,951:INFO:Ada Boost Classifier Imported successfully
2026-02-19 19:47:59,953:INFO:Starting cross validation
2026-02-19 19:47:59,970:INFO:Cross validating with StratifiedKFold(n_splits=5, random_state=None, shuffle=False), n_jobs=-1
2026-02-19 19:48:10,043:INFO:Calculating mean and std
2026-02-19 19:48:10,046:INFO:Creating metrics dataframe
2026-02-19 19:48:10,047:INFO:Finalizing model
2026-02-19 19:48:13,251:INFO:Uploading results into container
2026-02-19 19:48:13,254:INFO:Uploading model into container now
2026-02-19 19:48:13,254:INFO:_master_model_container: 15
2026-02-19 19:48:13,254:INFO:_display_container: 3
2026-02-19 19:48:13,256:INFO:AdaBoostClassifier(algorithm='SAMME', estimator=None, learning_rate=0.3,
                   n_estimators=300, random_state=42)
2026-02-19 19:48:13,256:INFO:create_model() successfully completed......................................
2026-02-19 19:48:13,376:INFO:SubProcess create_model() end ==================================
2026-02-19 19:48:13,376:INFO:choose_better activated
2026-02-19 19:48:13,376:INFO:SubProcess create_model() called ==================================
2026-02-19 19:48:13,376:INFO:Initializing create_model()
2026-02-19 19:48:13,376:INFO:create_model(self=<pycaret.classification.oop.ClassificationExperiment object at 0x0000023011597EE0>, estimator=AdaBoostClassifier(algorithm='SAMME.R', estimator=None, learning_rate=1.0,
                   n_estimators=50, random_state=42), fold=StratifiedKFold(n_splits=5, random_state=None, shuffle=False), round=4, cross_validation=True, predict=True, fit_kwargs={}, groups=None, refit=True, probability_threshold=None, experiment_custom_tags=None, verbose=False, system=False, add_to_model_list=True, metrics=None, display=None, model_only=True, return_train_score=False, error_score=0.0, kwargs={})
2026-02-19 19:48:13,376:INFO:Checking exceptions
2026-02-19 19:48:13,381:INFO:Importing libraries
2026-02-19 19:48:13,382:INFO:Copying training dataset
2026-02-19 19:48:13,410:INFO:Defining folds
2026-02-19 19:48:13,410:INFO:Declaring metric variables
2026-02-19 19:48:13,410:INFO:Importing untrained model
2026-02-19 19:48:13,410:INFO:Declaring custom model
2026-02-19 19:48:13,410:INFO:Ada Boost Classifier Imported successfully
2026-02-19 19:48:13,410:INFO:Starting cross validation
2026-02-19 19:48:13,416:INFO:Cross validating with StratifiedKFold(n_splits=5, random_state=None, shuffle=False), n_jobs=-1
2026-02-19 19:48:14,396:WARNING:C:\Users\USER\anaconda3\envs\pycaret_env\lib\site-packages\sklearn\ensemble\_weight_boosting.py:519: FutureWarning: The SAMME.R algorithm (the default) is deprecated and will be removed in 1.6. Use the SAMME algorithm to circumvent this warning.
  warnings.warn(

2026-02-19 19:48:14,446:WARNING:C:\Users\USER\anaconda3\envs\pycaret_env\lib\site-packages\sklearn\ensemble\_weight_boosting.py:519: FutureWarning: The SAMME.R algorithm (the default) is deprecated and will be removed in 1.6. Use the SAMME algorithm to circumvent this warning.
  warnings.warn(

2026-02-19 19:48:14,482:WARNING:C:\Users\USER\anaconda3\envs\pycaret_env\lib\site-packages\sklearn\ensemble\_weight_boosting.py:519: FutureWarning: The SAMME.R algorithm (the default) is deprecated and will be removed in 1.6. Use the SAMME algorithm to circumvent this warning.
  warnings.warn(

2026-02-19 19:48:14,561:WARNING:C:\Users\USER\anaconda3\envs\pycaret_env\lib\site-packages\sklearn\ensemble\_weight_boosting.py:519: FutureWarning: The SAMME.R algorithm (the default) is deprecated and will be removed in 1.6. Use the SAMME algorithm to circumvent this warning.
  warnings.warn(

2026-02-19 19:48:16,211:WARNING:C:\Users\USER\anaconda3\envs\pycaret_env\lib\site-packages\sklearn\ensemble\_weight_boosting.py:519: FutureWarning: The SAMME.R algorithm (the default) is deprecated and will be removed in 1.6. Use the SAMME algorithm to circumvent this warning.
  warnings.warn(

2026-02-19 19:48:17,004:INFO:Calculating mean and std
2026-02-19 19:48:17,005:INFO:Creating metrics dataframe
2026-02-19 19:48:17,006:INFO:Finalizing model
2026-02-19 19:48:17,717:WARNING:C:\Users\USER\anaconda3\envs\pycaret_env\lib\site-packages\sklearn\ensemble\_weight_boosting.py:519: FutureWarning: The SAMME.R algorithm (the default) is deprecated and will be removed in 1.6. Use the SAMME algorithm to circumvent this warning.
  warnings.warn(

2026-02-19 19:48:18,230:INFO:Uploading results into container
2026-02-19 19:48:18,230:INFO:Uploading model into container now
2026-02-19 19:48:18,230:INFO:_master_model_container: 16
2026-02-19 19:48:18,236:INFO:_display_container: 4
2026-02-19 19:48:18,236:INFO:AdaBoostClassifier(algorithm='SAMME.R', estimator=None, learning_rate=1.0,
                   n_estimators=50, random_state=42)
2026-02-19 19:48:18,236:INFO:create_model() successfully completed......................................
2026-02-19 19:48:18,336:INFO:SubProcess create_model() end ==================================
2026-02-19 19:48:18,337:INFO:AdaBoostClassifier(algorithm='SAMME.R', estimator=None, learning_rate=1.0,
                   n_estimators=50, random_state=42) result for Recall is 0.9286
2026-02-19 19:48:18,337:INFO:AdaBoostClassifier(algorithm='SAMME', estimator=None, learning_rate=0.3,
                   n_estimators=300, random_state=42) result for Recall is 0.9306
2026-02-19 19:48:18,342:INFO:AdaBoostClassifier(algorithm='SAMME', estimator=None, learning_rate=0.3,
                   n_estimators=300, random_state=42) is best model
2026-02-19 19:48:18,342:INFO:choose_better completed
2026-02-19 19:48:18,371:INFO:_master_model_container: 16
2026-02-19 19:48:18,371:INFO:_display_container: 3
2026-02-19 19:48:18,373:INFO:AdaBoostClassifier(algorithm='SAMME', estimator=None, learning_rate=0.3,
                   n_estimators=300, random_state=42)
2026-02-19 19:48:18,373:INFO:tune_model() successfully completed......................................
2026-02-19 19:48:18,525:INFO:Initializing finalize_model()
2026-02-19 19:48:18,525:INFO:finalize_model(self=<pycaret.classification.oop.ClassificationExperiment object at 0x0000023011597EE0>, estimator=AdaBoostClassifier(algorithm='SAMME', estimator=None, learning_rate=0.3,
                   n_estimators=300, random_state=42), fit_kwargs=None, groups=None, model_only=False, experiment_custom_tags=None)
2026-02-19 19:48:18,525:INFO:Finalizing AdaBoostClassifier(algorithm='SAMME', estimator=None, learning_rate=0.3,
                   n_estimators=300, random_state=42)
2026-02-19 19:48:18,537:INFO:Initializing create_model()
2026-02-19 19:48:18,537:INFO:create_model(self=<pycaret.classification.oop.ClassificationExperiment object at 0x0000023011597EE0>, estimator=AdaBoostClassifier(algorithm='SAMME', estimator=None, learning_rate=0.3,
                   n_estimators=300, random_state=42), fold=None, round=4, cross_validation=False, predict=False, fit_kwargs={}, groups=None, refit=True, probability_threshold=None, experiment_custom_tags=None, verbose=False, system=False, add_to_model_list=False, metrics=None, display=None, model_only=False, return_train_score=False, error_score=0.0, kwargs={})
2026-02-19 19:48:18,537:INFO:Checking exceptions
2026-02-19 19:48:18,537:INFO:Importing libraries
2026-02-19 19:48:18,537:INFO:Copying training dataset
2026-02-19 19:48:18,542:INFO:Defining folds
2026-02-19 19:48:18,542:INFO:Declaring metric variables
2026-02-19 19:48:18,542:INFO:Importing untrained model
2026-02-19 19:48:18,542:INFO:Declaring custom model
2026-02-19 19:48:18,551:INFO:Ada Boost Classifier Imported successfully
2026-02-19 19:48:18,573:INFO:Cross validation set to False
2026-02-19 19:48:18,573:INFO:Fitting Model
2026-02-19 19:48:23,224:INFO:Pipeline(memory=Memory(location=None),
         steps=[('numerical_imputer',
                 TransformerWrapper(exclude=None,
                                    include=['age', 'distance_from_home_km',
                                             'has_children', 'admission_score',
                                             'secondary_cgpa', 'year_of_study',
                                             'current_cgpa',
                                             'course_load_per_semester',
                                             'attendance_percentage',
                                             'number_of_failed_courses',
                                             'number_of_repeated_courses',
                                             'has_part_time_job',
                                             'rece...
                                    transformer=FixImbalancer(estimator=SMOTE(k_neighbors=5,
                                                                              random_state=42,
                                                                              sampling_strategy='auto')))),
                ('normalize',
                 TransformerWrapper(exclude=None, include=None,
                                    transformer=StandardScaler(copy=True,
                                                               with_mean=True,
                                                               with_std=True))),
                ('actual_estimator',
                 AdaBoostClassifier(algorithm='SAMME', estimator=None,
                                    learning_rate=0.3, n_estimators=300,
                                    random_state=42))],
         verbose=False)
2026-02-19 19:48:23,224:INFO:create_model() successfully completed......................................
2026-02-19 19:48:23,322:INFO:_master_model_container: 16
2026-02-19 19:48:23,322:INFO:_display_container: 3
2026-02-19 19:48:23,436:INFO:Pipeline(memory=Memory(location=None),
         steps=[('numerical_imputer',
                 TransformerWrapper(exclude=None,
                                    include=['age', 'distance_from_home_km',
                                             'has_children', 'admission_score',
                                             'secondary_cgpa', 'year_of_study',
                                             'current_cgpa',
                                             'course_load_per_semester',
                                             'attendance_percentage',
                                             'number_of_failed_courses',
                                             'number_of_repeated_courses',
                                             'has_part_time_job',
                                             'rece...
                                    transformer=FixImbalancer(estimator=SMOTE(k_neighbors=5,
                                                                              random_state=42,
                                                                              sampling_strategy='auto')))),
                ('normalize',
                 TransformerWrapper(exclude=None, include=None,
                                    transformer=StandardScaler(copy=True,
                                                               with_mean=True,
                                                               with_std=True))),
                ('actual_estimator',
                 AdaBoostClassifier(algorithm='SAMME', estimator=None,
                                    learning_rate=0.3, n_estimators=300,
                                    random_state=42))],
         verbose=False)
2026-02-19 19:48:23,436:INFO:finalize_model() successfully completed......................................
2026-02-19 19:48:23,777:INFO:Initializing save_model()
2026-02-19 19:48:23,777:INFO:save_model(model=Pipeline(memory=Memory(location=None),
         steps=[('numerical_imputer',
                 TransformerWrapper(exclude=None,
                                    include=['age', 'distance_from_home_km',
                                             'has_children', 'admission_score',
                                             'secondary_cgpa', 'year_of_study',
                                             'current_cgpa',
                                             'course_load_per_semester',
                                             'attendance_percentage',
                                             'number_of_failed_courses',
                                             'number_of_repeated_courses',
                                             'has_part_time_job',
                                             'rece...
                                    transformer=FixImbalancer(estimator=SMOTE(k_neighbors=5,
                                                                              random_state=42,
                                                                              sampling_strategy='auto')))),
                ('normalize',
                 TransformerWrapper(exclude=None, include=None,
                                    transformer=StandardScaler(copy=True,
                                                               with_mean=True,
                                                               with_std=True))),
                ('actual_estimator',
                 AdaBoostClassifier(algorithm='SAMME', estimator=None,
                                    learning_rate=0.3, n_estimators=300,
                                    random_state=42))],
         verbose=False), model_name=student_dropout_model, prep_pipe_=Pipeline(memory=FastMemory(location=C:\Users\USER\AppData\Local\Temp\joblib),
         steps=[('numerical_imputer',
                 TransformerWrapper(exclude=None,
                                    include=['age', 'distance_from_home_km',
                                             'has_children', 'admission_score',
                                             'secondary_cgpa', 'year_of_study',
                                             'current_cgpa',
                                             'course_load_per_semester',
                                             'attendance_percentage',
                                             'number_of_failed_courses',
                                             'number_of_repe...
                                                              handle_unknown='value',
                                                              return_df=True,
                                                              use_cat_names=True,
                                                              verbose=0))),
                ('balance',
                 TransformerWrapper(exclude=None, include=None,
                                    transformer=FixImbalancer(estimator=SMOTE(k_neighbors=5,
                                                                              random_state=42,
                                                                              sampling_strategy='auto')))),
                ('normalize',
                 TransformerWrapper(exclude=None, include=None,
                                    transformer=StandardScaler(copy=True,
                                                               with_mean=True,
                                                               with_std=True)))],
         verbose=False), verbose=True, use_case=MLUsecase.CLASSIFICATION, kwargs={})
2026-02-19 19:48:23,777:INFO:Adding model into prep_pipe
2026-02-19 19:48:23,777:WARNING:Only Model saved as it was a pipeline.
2026-02-19 19:48:24,077:INFO:student_dropout_model.pkl saved in current working directory
2026-02-19 19:48:24,198:INFO:Pipeline(memory=Memory(location=None),
         steps=[('numerical_imputer',
                 TransformerWrapper(exclude=None,
                                    include=['age', 'distance_from_home_km',
                                             'has_children', 'admission_score',
                                             'secondary_cgpa', 'year_of_study',
                                             'current_cgpa',
                                             'course_load_per_semester',
                                             'attendance_percentage',
                                             'number_of_failed_courses',
                                             'number_of_repeated_courses',
                                             'has_part_time_job',
                                             'rece...
                                    transformer=FixImbalancer(estimator=SMOTE(k_neighbors=5,
                                                                              random_state=42,
                                                                              sampling_strategy='auto')))),
                ('normalize',
                 TransformerWrapper(exclude=None, include=None,
                                    transformer=StandardScaler(copy=True,
                                                               with_mean=True,
                                                               with_std=True))),
                ('actual_estimator',
                 AdaBoostClassifier(algorithm='SAMME', estimator=None,
                                    learning_rate=0.3, n_estimators=300,
                                    random_state=42))],
         verbose=False)
2026-02-19 19:48:24,198:INFO:save_model() successfully completed......................................
2026-02-19 21:49:14,201:WARNING:
'cuml' is a soft dependency and not included in the pycaret installation. Please run: `pip install cuml` to install.
2026-02-19 21:49:14,201:WARNING:
'cuml' is a soft dependency and not included in the pycaret installation. Please run: `pip install cuml` to install.
2026-02-19 21:49:14,201:WARNING:
'cuml' is a soft dependency and not included in the pycaret installation. Please run: `pip install cuml` to install.
2026-02-19 21:49:14,201:WARNING:
'cuml' is a soft dependency and not included in the pycaret installation. Please run: `pip install cuml` to install.
2026-02-19 21:49:21,944:INFO:Initializing load_model()
2026-02-19 21:49:21,944:INFO:load_model(model_name=student_dropout_model, platform=None, authentication=None, verbose=True)
2026-02-19 21:49:22,908:WARNING:C:\Users\USER\anaconda3\envs\pycaret_env\lib\site-packages\_distutils_hack\__init__.py:30: UserWarning: Setuptools is replacing distutils. Support for replacing an already imported distutils is deprecated. In the future, this condition will fail. Register concerns at https://github.com/pypa/setuptools/issues/new?template=distutils-deprecation.yml
  warnings.warn(

